<?xml version="1.0" encoding="UTF-8"?>
<testsuite xmlns:xsi="http://www.w3.org/2001/XMLSchema-instance" xsi:noNamespaceSchemaLocation="https://maven.apache.org/surefire/maven-surefire-plugin/xsd/surefire-test-report.xsd" name="TestSuite" time="83.187" tests="1" errors="0" skipped="0" failures="1">
  <properties>
    <property name="sun.desktop" value="windows"/>
    <property name="awt.toolkit" value="sun.awt.windows.WToolkit"/>
    <property name="file.encoding.pkg" value="sun.io"/>
    <property name="java.specification.version" value="1.8"/>
    <property name="sun.cpu.isalist" value="amd64"/>
    <property name="sun.jnu.encoding" value="Cp1252"/>
    <property name="java.class.path" value="C:\Users\Faseeha\git\SeleniumKeywordAutomation\SeleniumKeywordAutomation\target\test-classes;C:\Users\Faseeha\git\SeleniumKeywordAutomation\SeleniumKeywordAutomation\target\classes;C:\Users\Faseeha\.m2\repository\org\seleniumhq\selenium\selenium-java\3.141.5\selenium-java-3.141.5.jar;C:\Users\Faseeha\.m2\repository\org\seleniumhq\selenium\selenium-api\3.141.5\selenium-api-3.141.5.jar;C:\Users\Faseeha\.m2\repository\org\seleniumhq\selenium\selenium-chrome-driver\3.141.5\selenium-chrome-driver-3.141.5.jar;C:\Users\Faseeha\.m2\repository\org\seleniumhq\selenium\selenium-edge-driver\3.141.5\selenium-edge-driver-3.141.5.jar;C:\Users\Faseeha\.m2\repository\org\seleniumhq\selenium\selenium-firefox-driver\3.141.5\selenium-firefox-driver-3.141.5.jar;C:\Users\Faseeha\.m2\repository\org\seleniumhq\selenium\selenium-ie-driver\3.141.5\selenium-ie-driver-3.141.5.jar;C:\Users\Faseeha\.m2\repository\org\seleniumhq\selenium\selenium-opera-driver\3.141.5\selenium-opera-driver-3.141.5.jar;C:\Users\Faseeha\.m2\repository\org\seleniumhq\selenium\selenium-remote-driver\3.141.5\selenium-remote-driver-3.141.5.jar;C:\Users\Faseeha\.m2\repository\org\seleniumhq\selenium\selenium-safari-driver\3.141.5\selenium-safari-driver-3.141.5.jar;C:\Users\Faseeha\.m2\repository\org\seleniumhq\selenium\selenium-support\3.141.5\selenium-support-3.141.5.jar;C:\Users\Faseeha\.m2\repository\net\bytebuddy\byte-buddy\1.8.15\byte-buddy-1.8.15.jar;C:\Users\Faseeha\.m2\repository\org\apache\commons\commons-exec\1.3\commons-exec-1.3.jar;C:\Users\Faseeha\.m2\repository\com\google\guava\guava\25.0-jre\guava-25.0-jre.jar;C:\Users\Faseeha\.m2\repository\com\google\code\findbugs\jsr305\1.3.9\jsr305-1.3.9.jar;C:\Users\Faseeha\.m2\repository\org\checkerframework\checker-compat-qual\2.0.0\checker-compat-qual-2.0.0.jar;C:\Users\Faseeha\.m2\repository\com\google\errorprone\error_prone_annotations\2.1.3\error_prone_annotations-2.1.3.jar;C:\Users\Faseeha\.m2\repository\com\google\j2objc\j2objc-annotations\1.1\j2objc-annotations-1.1.jar;C:\Users\Faseeha\.m2\repository\org\codehaus\mojo\animal-sniffer-annotations\1.14\animal-sniffer-annotations-1.14.jar;C:\Users\Faseeha\.m2\repository\com\squareup\okhttp3\okhttp\3.11.0\okhttp-3.11.0.jar;C:\Users\Faseeha\.m2\repository\com\squareup\okio\okio\1.14.0\okio-1.14.0.jar;C:\Users\Faseeha\.m2\repository\org\testng\testng\6.8\testng-6.8.jar;C:\Users\Faseeha\.m2\repository\junit\junit\4.10\junit-4.10.jar;C:\Users\Faseeha\.m2\repository\org\hamcrest\hamcrest-core\1.1\hamcrest-core-1.1.jar;C:\Users\Faseeha\.m2\repository\org\beanshell\bsh\2.0b4\bsh-2.0b4.jar;C:\Users\Faseeha\.m2\repository\com\beust\jcommander\1.27\jcommander-1.27.jar;C:\Users\Faseeha\.m2\repository\org\yaml\snakeyaml\1.6\snakeyaml-1.6.jar;C:\Users\Faseeha\.m2\repository\org\apache\poi\poi\3.17\poi-3.17.jar;C:\Users\Faseeha\.m2\repository\commons-codec\commons-codec\1.10\commons-codec-1.10.jar;C:\Users\Faseeha\.m2\repository\org\apache\commons\commons-collections4\4.1\commons-collections4-4.1.jar;C:\Users\Faseeha\.m2\repository\org\apache\poi\poi-ooxml\3.17\poi-ooxml-3.17.jar;C:\Users\Faseeha\.m2\repository\org\apache\poi\poi-ooxml-schemas\3.17\poi-ooxml-schemas-3.17.jar;C:\Users\Faseeha\.m2\repository\org\apache\xmlbeans\xmlbeans\2.6.0\xmlbeans-2.6.0.jar;C:\Users\Faseeha\.m2\repository\stax\stax-api\1.0.1\stax-api-1.0.1.jar;C:\Users\Faseeha\.m2\repository\com\github\virtuald\curvesapi\1.04\curvesapi-1.04.jar;C:\Users\Faseeha\.m2\repository\net\sourceforge\jexcelapi\jxl\2.6.12\jxl-2.6.12.jar;C:\Users\Faseeha\.m2\repository\log4j\log4j\1.2.14\log4j-1.2.14.jar;"/>
    <property name="java.vm.vendor" value="Oracle Corporation"/>
    <property name="sun.arch.data.model" value="64"/>
    <property name="user.variant" value=""/>
    <property name="java.vendor.url" value="http://java.oracle.com/"/>
    <property name="user.timezone" value="America/New_York"/>
    <property name="java.vm.specification.version" value="1.8"/>
    <property name="os.name" value="Windows 10"/>
    <property name="user.country" value="US"/>
    <property name="sun.java.launcher" value="SUN_STANDARD"/>
    <property name="sun.boot.library.path" value="C:\Program Files\Java\jdk1.8.0_201\jre\bin"/>
    <property name="sun.java.command" value="C:\Users\Faseeha\AppData\Local\Temp\surefire381618548326768213\surefirebooter1213460691719224393.jar C:\Users\Faseeha\AppData\Local\Temp\surefire381618548326768213 2019-08-07T21-36-02_283-jvmRun1 surefire2096476750047278370tmp surefire_05097040493282788152tmp"/>
    <property name="surefire.test.class.path" value="C:\Users\Faseeha\git\SeleniumKeywordAutomation\SeleniumKeywordAutomation\target\test-classes;C:\Users\Faseeha\git\SeleniumKeywordAutomation\SeleniumKeywordAutomation\target\classes;C:\Users\Faseeha\.m2\repository\org\seleniumhq\selenium\selenium-java\3.141.5\selenium-java-3.141.5.jar;C:\Users\Faseeha\.m2\repository\org\seleniumhq\selenium\selenium-api\3.141.5\selenium-api-3.141.5.jar;C:\Users\Faseeha\.m2\repository\org\seleniumhq\selenium\selenium-chrome-driver\3.141.5\selenium-chrome-driver-3.141.5.jar;C:\Users\Faseeha\.m2\repository\org\seleniumhq\selenium\selenium-edge-driver\3.141.5\selenium-edge-driver-3.141.5.jar;C:\Users\Faseeha\.m2\repository\org\seleniumhq\selenium\selenium-firefox-driver\3.141.5\selenium-firefox-driver-3.141.5.jar;C:\Users\Faseeha\.m2\repository\org\seleniumhq\selenium\selenium-ie-driver\3.141.5\selenium-ie-driver-3.141.5.jar;C:\Users\Faseeha\.m2\repository\org\seleniumhq\selenium\selenium-opera-driver\3.141.5\selenium-opera-driver-3.141.5.jar;C:\Users\Faseeha\.m2\repository\org\seleniumhq\selenium\selenium-remote-driver\3.141.5\selenium-remote-driver-3.141.5.jar;C:\Users\Faseeha\.m2\repository\org\seleniumhq\selenium\selenium-safari-driver\3.141.5\selenium-safari-driver-3.141.5.jar;C:\Users\Faseeha\.m2\repository\org\seleniumhq\selenium\selenium-support\3.141.5\selenium-support-3.141.5.jar;C:\Users\Faseeha\.m2\repository\net\bytebuddy\byte-buddy\1.8.15\byte-buddy-1.8.15.jar;C:\Users\Faseeha\.m2\repository\org\apache\commons\commons-exec\1.3\commons-exec-1.3.jar;C:\Users\Faseeha\.m2\repository\com\google\guava\guava\25.0-jre\guava-25.0-jre.jar;C:\Users\Faseeha\.m2\repository\com\google\code\findbugs\jsr305\1.3.9\jsr305-1.3.9.jar;C:\Users\Faseeha\.m2\repository\org\checkerframework\checker-compat-qual\2.0.0\checker-compat-qual-2.0.0.jar;C:\Users\Faseeha\.m2\repository\com\google\errorprone\error_prone_annotations\2.1.3\error_prone_annotations-2.1.3.jar;C:\Users\Faseeha\.m2\repository\com\google\j2objc\j2objc-annotations\1.1\j2objc-annotations-1.1.jar;C:\Users\Faseeha\.m2\repository\org\codehaus\mojo\animal-sniffer-annotations\1.14\animal-sniffer-annotations-1.14.jar;C:\Users\Faseeha\.m2\repository\com\squareup\okhttp3\okhttp\3.11.0\okhttp-3.11.0.jar;C:\Users\Faseeha\.m2\repository\com\squareup\okio\okio\1.14.0\okio-1.14.0.jar;C:\Users\Faseeha\.m2\repository\org\testng\testng\6.8\testng-6.8.jar;C:\Users\Faseeha\.m2\repository\junit\junit\4.10\junit-4.10.jar;C:\Users\Faseeha\.m2\repository\org\hamcrest\hamcrest-core\1.1\hamcrest-core-1.1.jar;C:\Users\Faseeha\.m2\repository\org\beanshell\bsh\2.0b4\bsh-2.0b4.jar;C:\Users\Faseeha\.m2\repository\com\beust\jcommander\1.27\jcommander-1.27.jar;C:\Users\Faseeha\.m2\repository\org\yaml\snakeyaml\1.6\snakeyaml-1.6.jar;C:\Users\Faseeha\.m2\repository\org\apache\poi\poi\3.17\poi-3.17.jar;C:\Users\Faseeha\.m2\repository\commons-codec\commons-codec\1.10\commons-codec-1.10.jar;C:\Users\Faseeha\.m2\repository\org\apache\commons\commons-collections4\4.1\commons-collections4-4.1.jar;C:\Users\Faseeha\.m2\repository\org\apache\poi\poi-ooxml\3.17\poi-ooxml-3.17.jar;C:\Users\Faseeha\.m2\repository\org\apache\poi\poi-ooxml-schemas\3.17\poi-ooxml-schemas-3.17.jar;C:\Users\Faseeha\.m2\repository\org\apache\xmlbeans\xmlbeans\2.6.0\xmlbeans-2.6.0.jar;C:\Users\Faseeha\.m2\repository\stax\stax-api\1.0.1\stax-api-1.0.1.jar;C:\Users\Faseeha\.m2\repository\com\github\virtuald\curvesapi\1.04\curvesapi-1.04.jar;C:\Users\Faseeha\.m2\repository\net\sourceforge\jexcelapi\jxl\2.6.12\jxl-2.6.12.jar;C:\Users\Faseeha\.m2\repository\log4j\log4j\1.2.14\log4j-1.2.14.jar;"/>
    <property name="sun.cpu.endian" value="little"/>
    <property name="user.home" value="C:\Users\Faseeha"/>
    <property name="user.language" value="en"/>
    <property name="java.specification.vendor" value="Oracle Corporation"/>
    <property name="java.home" value="C:\Program Files\Java\jdk1.8.0_201\jre"/>
    <property name="basedir" value="C:\Users\Faseeha\git\SeleniumKeywordAutomation\SeleniumKeywordAutomation"/>
    <property name="file.separator" value="\"/>
    <property name="line.separator" value="&#10;"/>
    <property name="java.vm.specification.vendor" value="Oracle Corporation"/>
    <property name="java.specification.name" value="Java Platform API Specification"/>
    <property name="java.awt.graphicsenv" value="sun.awt.Win32GraphicsEnvironment"/>
    <property name="surefire.real.class.path" value="C:\Users\Faseeha\AppData\Local\Temp\surefire381618548326768213\surefirebooter1213460691719224393.jar"/>
    <property name="sun.boot.class.path" value="C:\Program Files\Java\jdk1.8.0_201\jre\lib\resources.jar;C:\Program Files\Java\jdk1.8.0_201\jre\lib\rt.jar;C:\Program Files\Java\jdk1.8.0_201\jre\lib\sunrsasign.jar;C:\Program Files\Java\jdk1.8.0_201\jre\lib\jsse.jar;C:\Program Files\Java\jdk1.8.0_201\jre\lib\jce.jar;C:\Program Files\Java\jdk1.8.0_201\jre\lib\charsets.jar;C:\Program Files\Java\jdk1.8.0_201\jre\lib\jfr.jar;C:\Program Files\Java\jdk1.8.0_201\jre\classes"/>
    <property name="user.script" value=""/>
    <property name="sun.management.compiler" value="HotSpot 64-Bit Tiered Compilers"/>
    <property name="java.runtime.version" value="1.8.0_201-b09"/>
    <property name="user.name" value="Faseeha"/>
    <property name="path.separator" value=";"/>
    <property name="os.version" value="10.0"/>
    <property name="java.endorsed.dirs" value="C:\Program Files\Java\jdk1.8.0_201\jre\lib\endorsed"/>
    <property name="java.runtime.name" value="Java(TM) SE Runtime Environment"/>
    <property name="file.encoding" value="Cp1252"/>
    <property name="java.vm.name" value="Java HotSpot(TM) 64-Bit Server VM"/>
    <property name="localRepository" value="C:\Users\Faseeha\.m2\repository"/>
    <property name="java.vendor.url.bug" value="http://bugreport.sun.com/bugreport/"/>
    <property name="java.io.tmpdir" value="C:\Users\Faseeha\AppData\Local\Temp\"/>
    <property name="java.version" value="1.8.0_201"/>
    <property name="user.dir" value="C:\Users\Faseeha\git\SeleniumKeywordAutomation\SeleniumKeywordAutomation"/>
    <property name="os.arch" value="amd64"/>
    <property name="java.vm.specification.name" value="Java Virtual Machine Specification"/>
    <property name="java.awt.printerjob" value="sun.awt.windows.WPrinterJob"/>
    <property name="sun.os.patch.level" value=""/>
    <property name="java.library.path" value="C:\Program Files\Java\jdk1.8.0_201\jre\bin;C:\WINDOWS\Sun\Java\bin;C:\WINDOWS\system32;C:\WINDOWS;C:\Users\Faseeha\Desktop\ISB Training\Software\apache-maven-3.6.1/bin;C:\Program Files\Java\jdk1.8.0_201/bin;C:\Program Files\Java\jdk1.8.0_201/bin;C:\oraclexe\app\oracle\product\11.2.0\server\bin;C:\Program Files (x86)\Common Files\Oracle\Java\javapath;C:\Program Files (x86)\Intel\iCLS Client\;C:\Program Files\Intel\iCLS Client\;C:\WINDOWS\system32;C:\WINDOWS;C:\WINDOWS\System32\Wbem;C:\WINDOWS\System32\WindowsPowerShell\v1.0\;C:\Program Files\Microsoft SQL Server\120\DTS\Binn\;C:\Program Files\Microsoft SQL Server\Client SDK\ODBC\110\Tools\Binn\;C:\Program Files (x86)\Microsoft SQL Server\120\Tools\Binn\;C:\Program Files\Microsoft SQL Server\120\Tools\Binn\;C:\Program Files (x86)\Intel\Intel(R) Management Engine Components\DAL;C:\Program Files\Intel\Intel(R) Management Engine Components\DAL;C:\Program Files (x86)\Intel\Intel(R) Management Engine Components\IPT;C:\Program Files\Intel\Intel(R) Management Engine Components\IPT;C:\Program Files (x86)\Microsoft SQL Server\120\Tools\Binn\ManagementStudio\;C:\Program Files (x86)\Microsoft SQL Server\120\DTS\Binn\;C:\WINDOWS\System32\OpenSSH\;C:\Program Files\Intel\WiFi\bin\;C:\Program Files\Common Files\Intel\WirelessCommon\;C:\Users\Faseeha\Desktop\ISB Training\ISB Java-Database-Selenium Training\Software\apache-maven-3.6.0-bin\apache-maven-3.6.0\bin;C:\Program Files\nodejs\;C:\Program Files\Git\cmd;C:\Users\Faseeha\AppData\Local\Microsoft\WindowsApps;C:\Users\Faseeha\AppData\Roaming\npm;C:\Users\Faseeha\AppData\Local\Programs\Microsoft VS Code\bin;."/>
    <property name="java.vm.info" value="mixed mode"/>
    <property name="java.vendor" value="Oracle Corporation"/>
    <property name="java.vm.version" value="25.201-b09"/>
    <property name="java.ext.dirs" value="C:\Program Files\Java\jdk1.8.0_201\jre\lib\ext;C:\WINDOWS\Sun\Java\lib\ext"/>
    <property name="sun.io.unicode.encoding" value="UnicodeLittle"/>
    <property name="java.class.version" value="52.0"/>
  </properties>
  <testcase name="abc" classname="org.isb.training.selenium.LoadTest2" time="76.327">
    <failure message="no such element: Unable to locate element: {&quot;method&quot;:&quot;xpath&quot;,&quot;selector&quot;:&quot;//input[@id=&apos;idSIButton9&apos;]&quot;}&#10;  (Session info: chrome=75.0.3770.142)&#10;  (Driver info: chromedriver=2.36.540470 (e522d04694c7ebea4ba8821272dbef4f9b818c91),platform=Windows NT 10.0.17134 x86_64) (WARNING: The server did not provide any stacktrace information)&#10;Command duration or timeout: 0 milliseconds&#10;For documentation on this error, please visit: http://seleniumhq.org/exceptions/no_such_element.html&#10;Build info: version: &apos;3.141.5&apos;, revision: &apos;d54ebd709a&apos;, time: &apos;2018-11-06T11:42:16&apos;&#10;System info: host: &apos;DESKTOP-CKKV2QJ&apos;, ip: &apos;192.168.124.1&apos;, os.name: &apos;Windows 10&apos;, os.arch: &apos;amd64&apos;, os.version: &apos;10.0&apos;, java.version: &apos;1.8.0_201&apos;&#10;Driver info: org.openqa.selenium.chrome.ChromeDriver&#10;Capabilities {acceptInsecureCerts: false, acceptSslCerts: false, applicationCacheEnabled: false, browserConnectionEnabled: false, browserName: chrome, chrome: {chromedriverVersion: 2.36.540470 (e522d04694c7eb..., userDataDir: C:\Users\Faseeha\AppData\Lo...}, cssSelectorsEnabled: true, databaseEnabled: false, handlesAlerts: true, hasTouchScreen: false, javascriptEnabled: true, locationContextEnabled: true, mobileEmulationEnabled: false, nativeEvents: true, networkConnectionEnabled: false, pageLoadStrategy: normal, platform: XP, platformName: XP, rotatable: false, setWindowRect: true, takesHeapSnapshot: true, takesScreenshot: true, unexpectedAlertBehaviour: , unhandledPromptBehavior: , version: 75.0.3770.142, webStorageEnabled: true}&#10;Session ID: bd8bcdef942cd6ce1c032b65e1645b27&#10;*** Element info: {Using=xpath, value=//input[@id=&apos;idSIButton9&apos;]}" type="org.openqa.selenium.NoSuchElementException">org.openqa.selenium.NoSuchElementException: 
no such element: Unable to locate element: {"method":"xpath","selector":"//input[@id='idSIButton9']"}
  (Session info: chrome=75.0.3770.142)
  (Driver info: chromedriver=2.36.540470 (e522d04694c7ebea4ba8821272dbef4f9b818c91),platform=Windows NT 10.0.17134 x86_64) (WARNING: The server did not provide any stacktrace information)
Command duration or timeout: 0 milliseconds
For documentation on this error, please visit: http://seleniumhq.org/exceptions/no_such_element.html
Build info: version: '3.141.5', revision: 'd54ebd709a', time: '2018-11-06T11:42:16'
System info: host: 'DESKTOP-CKKV2QJ', ip: '192.168.124.1', os.name: 'Windows 10', os.arch: 'amd64', os.version: '10.0', java.version: '1.8.0_201'
Driver info: org.openqa.selenium.chrome.ChromeDriver
Capabilities {acceptInsecureCerts: false, acceptSslCerts: false, applicationCacheEnabled: false, browserConnectionEnabled: false, browserName: chrome, chrome: {chromedriverVersion: 2.36.540470 (e522d04694c7eb..., userDataDir: C:\Users\Faseeha\AppData\Lo...}, cssSelectorsEnabled: true, databaseEnabled: false, handlesAlerts: true, hasTouchScreen: false, javascriptEnabled: true, locationContextEnabled: true, mobileEmulationEnabled: false, nativeEvents: true, networkConnectionEnabled: false, pageLoadStrategy: normal, platform: XP, platformName: XP, rotatable: false, setWindowRect: true, takesHeapSnapshot: true, takesScreenshot: true, unexpectedAlertBehaviour: , unhandledPromptBehavior: , version: 75.0.3770.142, webStorageEnabled: true}
Session ID: bd8bcdef942cd6ce1c032b65e1645b27
*** Element info: {Using=xpath, value=//input[@id='idSIButton9']}
	at org.isb.training.selenium.LoadTest2.abc(LoadTest2.java:111)
</failure>
    <system-out><![CDATA[2019-08-07 21:36:10,321 [main] INFO  org.isb.training.selenium.Automation  - TestSuite:1
2019-08-07 21:36:10,323 [main] INFO  org.isb.training.selenium.Automation  - TestSuite:LoginTestcases
2019-08-07 21:36:10,323 [main] INFO  org.isb.training.selenium.Automation  - TestSuite:Y
2019-08-07 21:36:10,450 [main] INFO  org.isb.training.selenium.Automation  - TestCases:1
2019-08-07 21:36:10,451 [main] INFO  org.isb.training.selenium.Automation  - TestCases:TC1
2019-08-07 21:36:10,452 [main] INFO  org.isb.training.selenium.Automation  - TestCases:Login with correct username and password
2019-08-07 21:36:10,452 [main] INFO  org.isb.training.selenium.Automation  - TestCases:N
2019-08-07 21:36:10,452 [main] INFO  org.isb.training.selenium.Automation  - TestCases:2
2019-08-07 21:36:10,452 [main] INFO  org.isb.training.selenium.Automation  - TestCases:TC2
2019-08-07 21:36:10,453 [main] INFO  org.isb.training.selenium.Automation  - TestCases:Login with incorrect username and password
2019-08-07 21:36:10,453 [main] INFO  org.isb.training.selenium.Automation  - TestCases:N
2019-08-07 21:36:10,453 [main] INFO  org.isb.training.selenium.Automation  - TestCases:3
2019-08-07 21:36:10,453 [main] INFO  org.isb.training.selenium.Automation  - TestCases:TC3
2019-08-07 21:36:10,453 [main] INFO  org.isb.training.selenium.Automation  - TestCases:Login with empty username and password
2019-08-07 21:36:10,454 [main] INFO  org.isb.training.selenium.Automation  - TestCases:N
2019-08-07 21:36:10,454 [main] INFO  org.isb.training.selenium.Automation  - TestCases:4
2019-08-07 21:36:10,454 [main] INFO  org.isb.training.selenium.Automation  - TestCases:TC4
2019-08-07 21:36:10,454 [main] INFO  org.isb.training.selenium.Automation  - TestCases:Submit Application for applying Automation Practice
2019-08-07 21:36:10,454 [main] INFO  org.isb.training.selenium.Automation  - TestCases:Y
2019-08-07 21:36:15,215 [main] INFO  org.isb.training.selenium.Automation  - snoTestSteps:1
2019-08-07 21:36:15,216 [main] INFO  org.isb.training.selenium.Automation  - desTestSteps:Open url
2019-08-07 21:36:15,216 [main] INFO  org.isb.training.selenium.Automation  - xpathTestSteps:
2019-08-07 21:36:15,216 [main] INFO  org.isb.training.selenium.Automation  - value:https://www.toolsqa.com/automation-practice-form/
2019-08-07 21:36:15,217 [main] INFO  org.isb.training.selenium.Automation  - keywordTestSteps:url
2019-08-07 21:36:15,217 [main] INFO  org.isb.training.selenium.Automation  - Executing PerformAction method with the 3 arguments - {} {} {} url https://www.toolsqa.com/automation-practice-form/ 
Keyword: url value: https://www.toolsqa.com/automation-practice-form/ xpathExpression:  
2019-08-07 21:36:19,946 [main] INFO  org.isb.training.selenium.CommonFunctionsLib  - Url is opened sucessfully
2019-08-07 21:36:19,946 [main] INFO  org.isb.training.selenium.Automation  - snoTestSteps:2
2019-08-07 21:36:19,946 [main] INFO  org.isb.training.selenium.Automation  - desTestSteps:Enter empty Username
2019-08-07 21:36:19,946 [main] INFO  org.isb.training.selenium.Automation  - xpathTestSteps://*[@id="content"]/div[1]/div/div/div/div[2]/div/form/fieldset/div[8]/input
2019-08-07 21:36:19,947 [main] INFO  org.isb.training.selenium.Automation  - value:Fareeha
2019-08-07 21:36:19,947 [main] INFO  org.isb.training.selenium.Automation  - keywordTestSteps:input
2019-08-07 21:36:19,947 [main] INFO  org.isb.training.selenium.Automation  - Executing PerformAction method with the 3 arguments - {} {} {} input Fareeha //*[@id="content"]/div[1]/div/div/div/div[2]/div/form/fieldset/div[8]/input
Keyword: input value: Fareeha xpathExpression:  //*[@id="content"]/div[1]/div/div/div/div[2]/div/form/fieldset/div[8]/input
2019-08-07 21:36:24,710 [main] INFO  org.isb.training.selenium.CommonFunctionsLib  - Input is performed sucessfully
2019-08-07 21:36:24,710 [main] INFO  org.isb.training.selenium.Automation  - snoTestSteps:2
2019-08-07 21:36:24,710 [main] INFO  org.isb.training.selenium.Automation  - desTestSteps:Sleep 
2019-08-07 21:36:24,710 [main] INFO  org.isb.training.selenium.Automation  - xpathTestSteps:
2019-08-07 21:36:24,710 [main] INFO  org.isb.training.selenium.Automation  - value:10
2019-08-07 21:36:24,711 [main] INFO  org.isb.training.selenium.Automation  - keywordTestSteps:sleep
2019-08-07 21:36:24,711 [main] INFO  org.isb.training.selenium.Automation  - Executing PerformAction method with the 3 arguments - {} {} {} sleep 10 
Keyword: sleep value: 10 xpathExpression:  
2019-08-07 21:36:29,712 [main] INFO  org.isb.training.selenium.CommonFunctionsLib  - sleep is done sucessfully
2019-08-07 21:36:29,712 [main] INFO  org.isb.training.selenium.Automation  - snoTestSteps:4
2019-08-07 21:36:29,712 [main] INFO  org.isb.training.selenium.Automation  - desTestSteps:Enter empty Password
2019-08-07 21:36:29,712 [main] INFO  org.isb.training.selenium.Automation  - xpathTestSteps://*[@id="content"]/div[1]/div/div/div/div[2]/div/form/fieldset/div[11]/input
2019-08-07 21:36:29,712 [main] INFO  org.isb.training.selenium.Automation  - value:abcd
2019-08-07 21:36:29,713 [main] INFO  org.isb.training.selenium.Automation  - keywordTestSteps:input
2019-08-07 21:36:29,713 [main] INFO  org.isb.training.selenium.Automation  - Executing PerformAction method with the 3 arguments - {} {} {} input abcd //*[@id="content"]/div[1]/div/div/div/div[2]/div/form/fieldset/div[11]/input
Keyword: input value: abcd xpathExpression:  //*[@id="content"]/div[1]/div/div/div/div[2]/div/form/fieldset/div[11]/input
2019-08-07 21:36:30,063 [main] INFO  org.isb.training.selenium.CommonFunctionsLib  - Input is performed sucessfully
2019-08-07 21:36:30,063 [main] INFO  org.isb.training.selenium.Automation  - snoTestSteps:2
2019-08-07 21:36:30,064 [main] INFO  org.isb.training.selenium.Automation  - desTestSteps:Sleep 
2019-08-07 21:36:30,064 [main] INFO  org.isb.training.selenium.Automation  - xpathTestSteps:
2019-08-07 21:36:30,064 [main] INFO  org.isb.training.selenium.Automation  - value:10
2019-08-07 21:36:30,064 [main] INFO  org.isb.training.selenium.Automation  - keywordTestSteps:sleep
2019-08-07 21:36:30,064 [main] INFO  org.isb.training.selenium.Automation  - Executing PerformAction method with the 3 arguments - {} {} {} sleep 10 
Keyword: sleep value: 10 xpathExpression:  
2019-08-07 21:36:35,064 [main] INFO  org.isb.training.selenium.CommonFunctionsLib  - sleep is done sucessfully
2019-08-07 21:36:35,064 [main] INFO  org.isb.training.selenium.Automation  - snoTestSteps:5
2019-08-07 21:36:35,064 [main] INFO  org.isb.training.selenium.Automation  - desTestSteps:Click Sign in Button
2019-08-07 21:36:35,064 [main] INFO  org.isb.training.selenium.Automation  - xpathTestSteps:sex-1
2019-08-07 21:36:35,064 [main] INFO  org.isb.training.selenium.Automation  - value:
2019-08-07 21:36:35,065 [main] INFO  org.isb.training.selenium.Automation  - keywordTestSteps:radio-female
2019-08-07 21:36:35,065 [main] INFO  org.isb.training.selenium.Automation  - Executing PerformAction method with the 3 arguments - {} {} {} radio-female  sex-1
Keyword: radio-female value:  xpathExpression:  sex-1
Is Male radio button displayed: true
Is Male radio button enabled: true
Default Radio button selection Status: false
Male radio Selection status after perform click() event: true
2019-08-07 21:36:35,351 [main] INFO  org.isb.training.selenium.Automation  - snoTestSteps:2
2019-08-07 21:36:35,351 [main] INFO  org.isb.training.selenium.Automation  - desTestSteps:Sleep 
2019-08-07 21:36:35,352 [main] INFO  org.isb.training.selenium.Automation  - xpathTestSteps:
2019-08-07 21:36:35,352 [main] INFO  org.isb.training.selenium.Automation  - value:10
2019-08-07 21:36:35,352 [main] INFO  org.isb.training.selenium.Automation  - keywordTestSteps:sleep
2019-08-07 21:36:35,352 [main] INFO  org.isb.training.selenium.Automation  - Executing PerformAction method with the 3 arguments - {} {} {} sleep 10 
Keyword: sleep value: 10 xpathExpression:  
2019-08-07 21:36:40,352 [main] INFO  org.isb.training.selenium.CommonFunctionsLib  - sleep is done sucessfully
2019-08-07 21:36:40,353 [main] INFO  org.isb.training.selenium.Automation  - snoTestSteps:7
2019-08-07 21:36:40,353 [main] INFO  org.isb.training.selenium.Automation  - desTestSteps:Select years of experience
2019-08-07 21:36:40,353 [main] INFO  org.isb.training.selenium.Automation  - xpathTestSteps:exp-1
2019-08-07 21:36:40,353 [main] INFO  org.isb.training.selenium.Automation  - value:
2019-08-07 21:36:40,353 [main] INFO  org.isb.training.selenium.Automation  - keywordTestSteps:radio-exp
2019-08-07 21:36:40,353 [main] INFO  org.isb.training.selenium.Automation  - Executing PerformAction method with the 3 arguments - {} {} {} radio-exp  exp-1
Keyword: radio-exp value:  xpathExpression:  exp-1
Is Male radio button displayed: true
Is Male radio button enabled: true
Default Radio button selection Status: false
Experience  radio Selection status after perform click() event: true
2019-08-07 21:36:40,815 [main] INFO  org.isb.training.selenium.Automation  - snoTestSteps:5
2019-08-07 21:36:40,816 [main] INFO  org.isb.training.selenium.Automation  - desTestSteps:Sleep 
2019-08-07 21:36:40,817 [main] INFO  org.isb.training.selenium.Automation  - xpathTestSteps:
2019-08-07 21:36:40,817 [main] INFO  org.isb.training.selenium.Automation  - value:5
2019-08-07 21:36:40,818 [main] INFO  org.isb.training.selenium.Automation  - keywordTestSteps:sleep
2019-08-07 21:36:40,818 [main] INFO  org.isb.training.selenium.Automation  - Executing PerformAction method with the 3 arguments - {} {} {} sleep 5 
Keyword: sleep value: 5 xpathExpression:  
2019-08-07 21:36:45,819 [main] INFO  org.isb.training.selenium.CommonFunctionsLib  - sleep is done sucessfully
2019-08-07 21:36:45,819 [main] INFO  org.isb.training.selenium.Automation  - snoTestSteps:2
2019-08-07 21:36:45,819 [main] INFO  org.isb.training.selenium.Automation  - desTestSteps:Enter Date
2019-08-07 21:36:45,819 [main] INFO  org.isb.training.selenium.Automation  - xpathTestSteps://*[@id="datepicker"]
2019-08-07 21:36:45,819 [main] INFO  org.isb.training.selenium.Automation  - value:7/16/19
2019-08-07 21:36:45,820 [main] INFO  org.isb.training.selenium.Automation  - keywordTestSteps:input
2019-08-07 21:36:45,820 [main] INFO  org.isb.training.selenium.Automation  - Executing PerformAction method with the 3 arguments - {} {} {} input 7/16/19 //*[@id="datepicker"]
Keyword: input value: 7/16/19 xpathExpression:  //*[@id="datepicker"]
2019-08-07 21:36:46,000 [main] INFO  org.isb.training.selenium.CommonFunctionsLib  - Input is performed sucessfully
2019-08-07 21:36:46,000 [main] INFO  org.isb.training.selenium.Automation  - snoTestSteps:5
2019-08-07 21:36:46,001 [main] INFO  org.isb.training.selenium.Automation  - desTestSteps:Sleep 
2019-08-07 21:36:46,001 [main] INFO  org.isb.training.selenium.Automation  - xpathTestSteps:
2019-08-07 21:36:46,001 [main] INFO  org.isb.training.selenium.Automation  - value:5
2019-08-07 21:36:46,001 [main] INFO  org.isb.training.selenium.Automation  - keywordTestSteps:sleep
2019-08-07 21:36:46,001 [main] INFO  org.isb.training.selenium.Automation  - Executing PerformAction method with the 3 arguments - {} {} {} sleep 5 
Keyword: sleep value: 5 xpathExpression:  
2019-08-07 21:36:51,002 [main] INFO  org.isb.training.selenium.CommonFunctionsLib  - sleep is done sucessfully
2019-08-07 21:36:51,002 [main] INFO  org.isb.training.selenium.Automation  - snoTestSteps:2
2019-08-07 21:36:51,002 [main] INFO  org.isb.training.selenium.Automation  - desTestSteps:Dropdown select
2019-08-07 21:36:51,002 [main] INFO  org.isb.training.selenium.Automation  - xpathTestSteps://*[@id="continents"]
2019-08-07 21:36:51,003 [main] INFO  org.isb.training.selenium.Automation  - value:Africa
2019-08-07 21:36:51,003 [main] INFO  org.isb.training.selenium.Automation  - keywordTestSteps:dropdown
2019-08-07 21:36:51,003 [main] INFO  org.isb.training.selenium.Automation  - Executing PerformAction method with the 3 arguments - {} {} {} dropdown Africa //*[@id="continents"]
Keyword: dropdown value: Africa xpathExpression:  //*[@id="continents"]
2019-08-07 21:36:51,199 [main] INFO  org.isb.training.selenium.Automation  - snoTestSteps:5
2019-08-07 21:36:51,199 [main] INFO  org.isb.training.selenium.Automation  - desTestSteps:Sleep 
2019-08-07 21:36:51,200 [main] INFO  org.isb.training.selenium.Automation  - xpathTestSteps:
2019-08-07 21:36:51,200 [main] INFO  org.isb.training.selenium.Automation  - value:5
2019-08-07 21:36:51,200 [main] INFO  org.isb.training.selenium.Automation  - keywordTestSteps:sleep
2019-08-07 21:36:51,200 [main] INFO  org.isb.training.selenium.Automation  - Executing PerformAction method with the 3 arguments - {} {} {} sleep 5 
Keyword: sleep value: 5 xpathExpression:  
2019-08-07 21:36:56,201 [main] INFO  org.isb.training.selenium.CommonFunctionsLib  - sleep is done sucessfully
2019-08-07 21:36:56,201 [main] INFO  org.isb.training.selenium.Automation  - snoTestSteps:8
2019-08-07 21:36:56,201 [main] INFO  org.isb.training.selenium.Automation  - desTestSteps:Click on Next Button
2019-08-07 21:36:56,201 [main] INFO  org.isb.training.selenium.Automation  - xpathTestSteps://input[@id='idSIButton9']
2019-08-07 21:36:56,201 [main] INFO  org.isb.training.selenium.Automation  - value:
2019-08-07 21:36:56,201 [main] INFO  org.isb.training.selenium.Automation  - keywordTestSteps:click
2019-08-07 21:36:56,201 [main] INFO  org.isb.training.selenium.Automation  - Executing PerformAction method with the 3 arguments - {} {} {} click  //input[@id='idSIButton9']
Keyword: click value:  xpathExpression:  //input[@id='idSIButton9']
]]></system-out>
    <system-err><![CDATA[Starting ChromeDriver 2.36.540470 (e522d04694c7ebea4ba8821272dbef4f9b818c91) on port 12122
Only local connections are allowed.
Aug 07, 2019 9:36:09 PM org.openqa.selenium.remote.ProtocolHandshake createSession
INFO: Detected dialect: OSS
Starting ChromeDriver 2.36.540470 (e522d04694c7ebea4ba8821272dbef4f9b818c91) on port 29291
Only local connections are allowed.
Aug 07, 2019 9:36:13 PM org.openqa.selenium.remote.ProtocolHandshake createSession
INFO: Detected dialect: OSS
Aug 07, 2019 9:36:13 PM org.openqa.selenium.remote.DesiredCapabilities chrome
INFO: Using `new ChromeOptions()` is preferred to `DesiredCapabilities.chrome()`
]]></system-err>
  </testcase>
</testsuite>